* using log directory ‘/home/mosquia/Active/ABC_tuna+iotc/abc_tuna/abctuna.Rcheck’
* using R version 4.2.1 (2022-06-23)
* using platform: x86_64-pc-linux-gnu (64-bit)
* using session charset: UTF-8
* checking for file ‘abctuna/DESCRIPTION’ ... OK
* checking extension type ... Package
* this is package ‘abctuna’ version ‘1.0’
* checking package namespace information ... OK
* checking package dependencies ... OK
* checking if this is a source package ... OK
* checking if there is a namespace ... OK
* checking for executable files ... OK
* checking for hidden files and directories ... OK
* checking for portable file names ... OK
* checking for sufficient/correct file permissions ... OK
* checking whether package ‘abctuna’ can be installed ... ERROR
Installation failed.
See ‘/home/mosquia/Active/ABC_tuna+iotc/abc_tuna/abctuna.Rcheck/00install.out’ for details.
* DONE
Status: 1 ERROR
