* installing *source* package ‘abctuna’ ...
** using staged installation
** libs
ccache g++ -I"/home/mosquia/R/R421/lib/R/include" -DNDEBUG  -I'/home/mosquia/R/x86_64-pc-linux-gnu-library/4.2/Rcpp/include' -I/usr/local/include   -fpic  -g -O2  -c RcppExports.cpp -o RcppExports.o
ccache g++ -I"/home/mosquia/R/R421/lib/R/include" -DNDEBUG  -I'/home/mosquia/R/x86_64-pc-linux-gnu-library/4.2/Rcpp/include' -I/usr/local/include   -fpic  -g -O2  -c init_pdyn.cpp -o init_pdyn.o
ccache g++ -I"/home/mosquia/R/R421/lib/R/include" -DNDEBUG  -I'/home/mosquia/R/x86_64-pc-linux-gnu-library/4.2/Rcpp/include' -I/usr/local/include   -fpic  -g -O2  -c msy_pdyn.cpp -o msy_pdyn.o
ccache g++ -I"/home/mosquia/R/R421/lib/R/include" -DNDEBUG  -I'/home/mosquia/R/x86_64-pc-linux-gnu-library/4.2/Rcpp/include' -I/usr/local/include   -fpic  -g -O2  -c pdyn.cpp -o pdyn.o
ccache g++ -I"/home/mosquia/R/R421/lib/R/include" -DNDEBUG  -I'/home/mosquia/R/x86_64-pc-linux-gnu-library/4.2/Rcpp/include' -I/usr/local/include   -fpic  -g -O2  -c pdyn_lfcpue.cpp -o pdyn_lfcpue.o
ccache g++ -shared -L/home/mosquia/R/R421/lib/R/lib -L/usr/local/lib -o abctuna.so RcppExports.o init_pdyn.o msy_pdyn.o pdyn.o pdyn_lfcpue.o -L/home/mosquia/R/R421/lib/R/lib -lR
/usr/bin/ld: msy_pdyn.o: in function `std::__cxx11::basic_string<char, std::char_traits<char>, std::allocator<char> >::_M_is_local() const':
/home/mosquia/Active/ABC_tuna+iotc/abc_tuna/abctuna.Rcheck/00_pkg_src/abctuna/src/../inst/include/mdarrclass.h:23: multiple definition of `arr2d::arr2(int, int)'; init_pdyn.o:/home/mosquia/Active/ABC_tuna+iotc/abc_tuna/abctuna.Rcheck/00_pkg_src/abctuna/src/../inst/include/mdarrclass.h:23: first defined here
/usr/bin/ld: msy_pdyn.o: in function `arr2d::operator()(int, int)':
/home/mosquia/Active/ABC_tuna+iotc/abc_tuna/abctuna.Rcheck/00_pkg_src/abctuna/src/../inst/include/mdarrclass.h:32: multiple definition of `arr2d::operator()(int, int)'; init_pdyn.o:/home/mosquia/Active/ABC_tuna+iotc/abc_tuna/abctuna.Rcheck/00_pkg_src/abctuna/src/../inst/include/mdarrclass.h:32: first defined here
/usr/bin/ld: msy_pdyn.o: in function `std::__cxx11::basic_ostringstream<char, std::char_traits<char>, std::allocator<char> >::~basic_ostringstream()':
/home/mosquia/Active/ABC_tuna+iotc/abc_tuna/abctuna.Rcheck/00_pkg_src/abctuna/src/../inst/include/mdarrclass.h:48: multiple definition of `arr3d::arr3(int, int, int)'; init_pdyn.o:/home/mosquia/Active/ABC_tuna+iotc/abc_tuna/abctuna.Rcheck/00_pkg_src/abctuna/src/../inst/include/mdarrclass.h:48: first defined here
/usr/bin/ld: msy_pdyn.o: in function `arr3d::operator()(int, int, int)':
/home/mosquia/Active/ABC_tuna+iotc/abc_tuna/abctuna.Rcheck/00_pkg_src/abctuna/src/../inst/include/mdarrclass.h:62: multiple definition of `arr3d::operator()(int, int, int)'; init_pdyn.o:/home/mosquia/Active/ABC_tuna+iotc/abc_tuna/abctuna.Rcheck/00_pkg_src/abctuna/src/../inst/include/mdarrclass.h:62: first defined here
/usr/bin/ld: msy_pdyn.o: in function `arr4d::arr4(int, int, int, int)':
/home/mosquia/Active/ABC_tuna+iotc/abc_tuna/abctuna.Rcheck/00_pkg_src/abctuna/src/../inst/include/mdarrclass.h:78: multiple definition of `arr4d::arr4(int, int, int, int)'; init_pdyn.o:/home/mosquia/Active/ABC_tuna+iotc/abc_tuna/abctuna.Rcheck/00_pkg_src/abctuna/src/../inst/include/mdarrclass.h:78: first defined here
/usr/bin/ld: msy_pdyn.o: in function `arr4d::operator()(int, int, int, int)':
/home/mosquia/Active/ABC_tuna+iotc/abc_tuna/abctuna.Rcheck/00_pkg_src/abctuna/src/../inst/include/mdarrclass.h:96: multiple definition of `arr4d::operator()(int, int, int, int)'; init_pdyn.o:/home/mosquia/Active/ABC_tuna+iotc/abc_tuna/abctuna.Rcheck/00_pkg_src/abctuna/src/../inst/include/mdarrclass.h:96: first defined here
/usr/bin/ld: pdyn_lfcpue.o: in function `std::__cxx11::basic_string<char, std::char_traits<char>, std::allocator<char> >::_M_is_local() const':
/home/mosquia/Active/ABC_tuna+iotc/abc_tuna/abctuna.Rcheck/00_pkg_src/abctuna/src/../inst/include/mdarrclass.h:23: multiple definition of `arr2d::arr2(int, int)'; init_pdyn.o:/home/mosquia/Active/ABC_tuna+iotc/abc_tuna/abctuna.Rcheck/00_pkg_src/abctuna/src/../inst/include/mdarrclass.h:23: first defined here
/usr/bin/ld: pdyn_lfcpue.o: in function `arr2d::operator()(int, int)':
/home/mosquia/Active/ABC_tuna+iotc/abc_tuna/abctuna.Rcheck/00_pkg_src/abctuna/src/../inst/include/mdarrclass.h:32: multiple definition of `arr2d::operator()(int, int)'; init_pdyn.o:/home/mosquia/Active/ABC_tuna+iotc/abc_tuna/abctuna.Rcheck/00_pkg_src/abctuna/src/../inst/include/mdarrclass.h:32: first defined here
/usr/bin/ld: pdyn_lfcpue.o: in function `std::__cxx11::basic_ostringstream<char, std::char_traits<char>, std::allocator<char> >::~basic_ostringstream()':
/home/mosquia/Active/ABC_tuna+iotc/abc_tuna/abctuna.Rcheck/00_pkg_src/abctuna/src/../inst/include/mdarrclass.h:48: multiple definition of `arr3d::arr3(int, int, int)'; init_pdyn.o:/home/mosquia/Active/ABC_tuna+iotc/abc_tuna/abctuna.Rcheck/00_pkg_src/abctuna/src/../inst/include/mdarrclass.h:48: first defined here
/usr/bin/ld: pdyn_lfcpue.o: in function `arr3d::operator()(int, int, int)':
/home/mosquia/Active/ABC_tuna+iotc/abc_tuna/abctuna.Rcheck/00_pkg_src/abctuna/src/../inst/include/mdarrclass.h:62: multiple definition of `arr3d::operator()(int, int, int)'; init_pdyn.o:/home/mosquia/Active/ABC_tuna+iotc/abc_tuna/abctuna.Rcheck/00_pkg_src/abctuna/src/../inst/include/mdarrclass.h:62: first defined here
/usr/bin/ld: pdyn_lfcpue.o: in function `arr4d::arr4(int, int, int, int)':
/home/mosquia/Active/ABC_tuna+iotc/abc_tuna/abctuna.Rcheck/00_pkg_src/abctuna/src/../inst/include/mdarrclass.h:78: multiple definition of `arr4d::arr4(int, int, int, int)'; init_pdyn.o:/home/mosquia/Active/ABC_tuna+iotc/abc_tuna/abctuna.Rcheck/00_pkg_src/abctuna/src/../inst/include/mdarrclass.h:78: first defined here
/usr/bin/ld: pdyn_lfcpue.o: in function `arr4d::operator()(int, int, int, int)':
/home/mosquia/Active/ABC_tuna+iotc/abc_tuna/abctuna.Rcheck/00_pkg_src/abctuna/src/../inst/include/mdarrclass.h:96: multiple definition of `arr4d::operator()(int, int, int, int)'; init_pdyn.o:/home/mosquia/Active/ABC_tuna+iotc/abc_tuna/abctuna.Rcheck/00_pkg_src/abctuna/src/../inst/include/mdarrclass.h:96: first defined here
collect2: error: ld returned 1 exit status
make: *** [/home/mosquia/R/R421/lib/R/share/make/shlib.mk:10: abctuna.so] Error 1
ERROR: compilation failed for package ‘abctuna’
* removing ‘/home/mosquia/Active/ABC_tuna+iotc/abc_tuna/abctuna.Rcheck/abctuna’
